<?xml version="1.0" encoding="UTF-8"?><testsuite errors="0" failures="1" name="org.example.features.search.SearchByKeywordStoryParametrized" skipped="0" tests="3" time="82.81" timestamp="2021-04-06 10:03:32"><testcase classname="org.example.features.search.SearchByKeywordStoryParametrized" name="Searching by keyword should display the corresponding article"><failure message="&#10;Expected: a collection containing a string containing &quot;bbb&quot;&#10;     but: was &quot;An elongated curved tropical fruit that grows in bunches and has a creamy flesh and a smooth skin.&#10;(Canada, US, Britain, Ireland) Especially, the sweet, yellow fruit of the Cavendish banana cultivar.&quot;, was &quot;(Canada, US, Britain, Ireland) Especially, the sweet, yellow fruit of the Cavendish banana cultivar.&quot;, was &quot;The tropical tree-like plant which bears clusters of bananas. The plant, usually of the genus Musa but sometimes also including plants from Ensete, has large, elongated leaves and is related to the plantain.&quot;, was &quot;(uncountable) A yellow colour, like that of a banana's skin.&#10;banana:  &quot;, was &quot;(mildly derogatory, slang, ethnic slur) A person of Asian descent, especially a Chinese American, who has assimilated into Western culture or married a Caucasian (from the &quot;yellow&quot; outside and &quot;white&quot; inside). Compare coconut (“assimilated Hispanic or Black”) or Oreo (“Black person who is &quot;black outside&quot; and &quot;white inside&quot;”).&quot;, was &quot;(nuclear physics) A banana equivalent dose.&quot;, was &quot;(colloquial) A catamorphism (from the use of banana brackets in the notation).&quot;, was &quot;(slang) The penis. quotations ▼&quot;, was &quot;&quot;, was &quot;&quot;, was &quot;&quot;, was &quot;&quot;, was &quot;(sports) A banana kick.&quot;" type="java.lang.AssertionError">
Expected: a collection containing a string containing "bbb"
     but: was "An elongated curved tropical fruit that grows in bunches and has a creamy flesh and a smooth skin.
(Canada, US, Britain, Ireland) Especially, the sweet, yellow fruit of the Cavendish banana cultivar.", was "(Canada, US, Britain, Ireland) Especially, the sweet, yellow fruit of the Cavendish banana cultivar.", was "The tropical tree-like plant which bears clusters of bananas. The plant, usually of the genus Musa but sometimes also including plants from Ensete, has large, elongated leaves and is related to the plantain.", was "(uncountable) A yellow colour, like that of a banana's skin.
banana:  ", was "(mildly derogatory, slang, ethnic slur) A person of Asian descent, especially a Chinese American, who has assimilated into Western culture or married a Caucasian (from the "yellow" outside and "white" inside). Compare coconut (“assimilated Hispanic or Black”) or Oreo (“Black person who is "black outside" and "white inside"”).", was "(nuclear physics) A banana equivalent dose.", was "(colloquial) A catamorphism (from the use of banana brackets in the notation).", was "(slang) The penis. quotations ▼", was "", was "", was "", was "", was "(sports) A banana kick."</failure><system-err>
Expected: a collection containing a string containing "bbb"
     but: was "An elongated curved tropical fruit that grows in bunches and has a creamy flesh and a smooth skin.
(Canada, US, Britain, Ireland) Especially, the sweet, yellow fruit of the Cavendish banana cultivar.", was "(Canada, US, Britain, Ireland) Especially, the sweet, yellow fruit of the Cavendish banana cultivar.", was "The tropical tree-like plant which bears clusters of bananas. The plant, usually of the genus Musa but sometimes also including plants from Ensete, has large, elongated leaves and is related to the plantain.", was "(uncountable) A yellow colour, like that of a banana's skin.
banana:  ", was "(mildly derogatory, slang, ethnic slur) A person of Asian descent, especially a Chinese American, who has assimilated into Western culture or married a Caucasian (from the "yellow" outside and "white" inside). Compare coconut (“assimilated Hispanic or Black”) or Oreo (“Black person who is "black outside" and "white inside"”).", was "(nuclear physics) A banana equivalent dose.", was "(colloquial) A catamorphism (from the use of banana brackets in the notation).", was "(slang) The penis. quotations ▼", was "", was "", was "", was "", was "(sports) A banana kick."&#13;
org.example.steps.serenity.EndUserSteps.should_see_definition(EndUserSteps.java:29)&#13;
org.example.features.search.SearchByKeywordStoryParametrized.searching_by_keyword_should_display_the_corresponding_article(SearchByKeywordStoryParametrized.java:32)&#13;
</system-err></testcase></testsuite>